<?xml version="1.0" encoding="UTF-8"?>
<testsuite name="com.example.demo.domain.user.UserServiceTest" tests="1" skipped="0" failures="0" errors="0" timestamp="2023-11-02T17:21:14" hostname="DESKTOP-5A9LEAG" time="0.022">
  <properties/>
  <testcase name="This test should check if there are any users" classname="com.example.demo.domain.user.UserServiceTest" time="0.022"/>
  <system-out><![CDATA[2023-11-02 18:21:13.147  INFO 23764 --- [    Test worker] .b.t.a.w.s.WebMvcTestContextBootstrapper : Neither @ContextConfiguration nor @ContextHierarchy found for test class [com.example.demo.domain.user.UserServiceTest], using SpringBootContextLoader
2023-11-02 18:21:13.148  INFO 23764 --- [    Test worker] o.s.t.c.support.AbstractContextLoader    : Could not detect default resource locations for test class [com.example.demo.domain.user.UserServiceTest]: no resource found for suffixes {-context.xml, Context.groovy}.
2023-11-02 18:21:13.148  INFO 23764 --- [    Test worker] t.c.s.AnnotationConfigContextLoaderUtils : Could not detect default configuration classes for test class [com.example.demo.domain.user.UserServiceTest]: UserServiceTest does not declare any static, non-private, non-final, nested classes annotated with @Configuration.
2023-11-02 18:21:13.156  INFO 23764 --- [    Test worker] .b.t.c.SpringBootTestContextBootstrapper : Found @SpringBootConfiguration com.example.demo.DemoApplication for test class com.example.demo.domain.user.UserServiceTest
2023-11-02 18:21:13.157  INFO 23764 --- [    Test worker] .b.t.a.w.s.WebMvcTestContextBootstrapper : Loaded default TestExecutionListener class names from location [META-INF/spring.factories]: [org.springframework.security.test.context.support.WithSecurityContextTestExecutionListener, org.springframework.security.test.context.support.ReactorContextTestExecutionListener, org.springframework.boot.test.autoconfigure.restdocs.RestDocsTestExecutionListener, org.springframework.boot.test.autoconfigure.web.client.MockRestServiceServerResetTestExecutionListener, org.springframework.boot.test.autoconfigure.web.servlet.MockMvcPrintOnlyOnFailureTestExecutionListener, org.springframework.boot.test.autoconfigure.web.servlet.WebDriverTestExecutionListener, org.springframework.boot.test.autoconfigure.webservices.client.MockWebServiceServerTestExecutionListener, org.springframework.boot.test.mock.mockito.MockitoTestExecutionListener, org.springframework.boot.test.mock.mockito.ResetMocksTestExecutionListener, org.springframework.test.context.web.ServletTestExecutionListener, org.springframework.test.context.support.DirtiesContextBeforeModesTestExecutionListener, org.springframework.test.context.event.ApplicationEventsTestExecutionListener, org.springframework.test.context.support.DependencyInjectionTestExecutionListener, org.springframework.test.context.support.DirtiesContextTestExecutionListener, org.springframework.test.context.transaction.TransactionalTestExecutionListener, org.springframework.test.context.jdbc.SqlScriptsTestExecutionListener, org.springframework.test.context.event.EventPublishingTestExecutionListener]
2023-11-02 18:21:13.158  INFO 23764 --- [    Test worker] .b.t.a.w.s.WebMvcTestContextBootstrapper : Using TestExecutionListeners: [org.springframework.test.context.web.ServletTestExecutionListener@7a5e8e66, org.springframework.test.context.support.DirtiesContextBeforeModesTestExecutionListener@7f61c521, org.springframework.test.context.event.ApplicationEventsTestExecutionListener@30c39288, org.springframework.boot.test.mock.mockito.MockitoTestExecutionListener@1d411279, org.springframework.boot.test.autoconfigure.SpringBootDependencyInjectionTestExecutionListener@13628209, org.springframework.test.context.support.DirtiesContextTestExecutionListener@625b0589, org.springframework.test.context.transaction.TransactionalTestExecutionListener@4e208c98, org.springframework.test.context.jdbc.SqlScriptsTestExecutionListener@5be78dff, org.springframework.security.test.context.support.WithSecurityContextTestExecutionListener@5c923e40, org.springframework.test.context.event.EventPublishingTestExecutionListener@665f0f16, org.springframework.security.test.context.support.ReactorContextTestExecutionListener@2c511b09, org.springframework.boot.test.autoconfigure.restdocs.RestDocsTestExecutionListener@4bbef309, org.springframework.boot.test.autoconfigure.web.client.MockRestServiceServerResetTestExecutionListener@613b400, org.springframework.boot.test.autoconfigure.web.servlet.MockMvcPrintOnlyOnFailureTestExecutionListener@182a2c6b, org.springframework.boot.test.autoconfigure.web.servlet.WebDriverTestExecutionListener@3c87f534, org.springframework.boot.test.autoconfigure.webservices.client.MockWebServiceServerTestExecutionListener@9d6f16, org.springframework.boot.test.mock.mockito.ResetMocksTestExecutionListener@1bb568b1]

  .   ____          _            __ _ _
 /\\ / ___'_ __ _ _(_)_ __  __ _ \ \ \ \
( ( )\___ | '_ | '_| | '_ \/ _` | \ \ \ \
 \\/  ___)| |_)| | | | | || (_| |  ) ) ) )
  '  |____| .__|_| |_|_| |_\__, | / / / /
 =========|_|==============|___/=/_/_/_/
 :: Spring Boot ::                (v2.7.3)

2023-11-02 18:21:13.190  INFO 23764 --- [    Test worker] c.e.demo.domain.user.UserServiceTest     : Starting UserServiceTest using Java 18.0.2 on DESKTOP-5A9LEAG with PID 23764 (started by luksc in C:\Users\luksc\OneDrive\Dokumente\FixProject\M450-Testing\Backend)
2023-11-02 18:21:13.190  INFO 23764 --- [    Test worker] c.e.demo.domain.user.UserServiceTest     : No active profile set, falling back to 1 default profile: "default"
2023-11-02 18:21:13.945  INFO 23764 --- [    Test worker] o.s.s.web.DefaultSecurityFilterChain     : Will secure any request with [org.springframework.security.web.session.DisableEncodeUrlFilter@6aeacfce, org.springframework.security.web.context.request.async.WebAsyncManagerIntegrationFilter@1afb0ca2, org.springframework.security.web.context.SecurityContextPersistenceFilter@3a681ea7, org.springframework.security.web.header.HeaderWriterFilter@61a3e18d, org.springframework.security.web.csrf.CsrfFilter@ed2eced, org.springframework.security.web.authentication.logout.LogoutFilter@5049517a, org.springframework.security.web.authentication.UsernamePasswordAuthenticationFilter@67c70197, org.springframework.security.web.authentication.ui.DefaultLoginPageGeneratingFilter@6a306f63, org.springframework.security.web.authentication.ui.DefaultLogoutPageGeneratingFilter@456f7dd3, org.springframework.security.web.authentication.www.BasicAuthenticationFilter@42c4318b, org.springframework.security.web.savedrequest.RequestCacheAwareFilter@16fac490, org.springframework.security.web.servletapi.SecurityContextHolderAwareRequestFilter@68abe04b, org.springframework.security.web.authentication.AnonymousAuthenticationFilter@26c4549c, org.springframework.security.web.session.SessionManagementFilter@23c43bb6, org.springframework.security.web.access.ExceptionTranslationFilter@39e2bb89, org.springframework.security.web.access.intercept.FilterSecurityInterceptor@3a994f0e]
2023-11-02 18:21:13.991  INFO 23764 --- [    Test worker] o.s.b.t.m.w.SpringBootMockServletContext : Initializing Spring TestDispatcherServlet ''
2023-11-02 18:21:13.991  INFO 23764 --- [    Test worker] o.s.t.web.servlet.TestDispatcherServlet  : Initializing Servlet ''
2023-11-02 18:21:13.991  INFO 23764 --- [    Test worker] o.s.t.web.servlet.TestDispatcherServlet  : Completed initialization in 0 ms
2023-11-02 18:21:14.001  INFO 23764 --- [    Test worker] c.e.demo.domain.user.UserServiceTest     : Started UserServiceTest in 0.84 seconds (JVM running for 18.721)
]]></system-out>
  <system-err><![CDATA[]]></system-err>
</testsuite>
