<?xml version="1.0" encoding="UTF-8"?>
<testsuite name="com.example.demo.domain.user.UserTest" tests="4" skipped="0" failures="0" errors="0" timestamp="2023-11-02T17:21:14" hostname="DESKTOP-5A9LEAG" time="0.004">
  <properties/>
  <testcase name="getPassword()" classname="com.example.demo.domain.user.UserTest" time="0.0"/>
  <testcase name="getFirstName()" classname="com.example.demo.domain.user.UserTest" time="0.002"/>
  <testcase name="getLastName()" classname="com.example.demo.domain.user.UserTest" time="0.001"/>
  <testcase name="getEmail()" classname="com.example.demo.domain.user.UserTest" time="0.0"/>
  <system-out><![CDATA[Hans
]]></system-out>
  <system-err><![CDATA[]]></system-err>
</testsuite>
