<?xml version="1.0" encoding="UTF-8"?>
<testsuite name="com.example.demo.domain.myListEntry.MyListEntryControllerTest" tests="1" skipped="0" failures="0" errors="0" timestamp="2023-11-02T12:49:45" hostname="DESKTOP-5A9LEAG" time="0.208">
  <properties/>
  <testcase name="Test User register." classname="com.example.demo.domain.myListEntry.MyListEntryControllerTest" time="0.208"/>
  <system-out><![CDATA[13:49:41.457 [Test worker] DEBUG org.springframework.test.context.BootstrapUtils - Instantiating CacheAwareContextLoaderDelegate from class [org.springframework.test.context.cache.DefaultCacheAwareContextLoaderDelegate]
13:49:41.475 [Test worker] DEBUG org.springframework.test.context.BootstrapUtils - Instantiating BootstrapContext using constructor [public org.springframework.test.context.support.DefaultBootstrapContext(java.lang.Class,org.springframework.test.context.CacheAwareContextLoaderDelegate)]
13:49:41.540 [Test worker] DEBUG org.springframework.test.context.BootstrapUtils - Instantiating TestContextBootstrapper for test class [com.example.demo.domain.myListEntry.MyListEntryControllerTest] from class [org.springframework.boot.test.autoconfigure.web.servlet.WebMvcTestContextBootstrapper]
13:49:41.559 [Test worker] INFO org.springframework.boot.test.autoconfigure.web.servlet.WebMvcTestContextBootstrapper - Neither @ContextConfiguration nor @ContextHierarchy found for test class [com.example.demo.domain.myListEntry.MyListEntryControllerTest], using SpringBootContextLoader
13:49:41.567 [Test worker] DEBUG org.springframework.test.context.support.AbstractContextLoader - Did not detect default resource location for test class [com.example.demo.domain.myListEntry.MyListEntryControllerTest]: class path resource [com/example/demo/domain/myListEntry/MyListEntryControllerTest-context.xml] does not exist
13:49:41.568 [Test worker] DEBUG org.springframework.test.context.support.AbstractContextLoader - Did not detect default resource location for test class [com.example.demo.domain.myListEntry.MyListEntryControllerTest]: class path resource [com/example/demo/domain/myListEntry/MyListEntryControllerTestContext.groovy] does not exist
13:49:41.568 [Test worker] INFO org.springframework.test.context.support.AbstractContextLoader - Could not detect default resource locations for test class [com.example.demo.domain.myListEntry.MyListEntryControllerTest]: no resource found for suffixes {-context.xml, Context.groovy}.
13:49:41.569 [Test worker] INFO org.springframework.test.context.support.AnnotationConfigContextLoaderUtils - Could not detect default configuration classes for test class [com.example.demo.domain.myListEntry.MyListEntryControllerTest]: MyListEntryControllerTest does not declare any static, non-private, non-final, nested classes annotated with @Configuration.
13:49:41.686 [Test worker] DEBUG org.springframework.test.context.support.ActiveProfilesUtils - Could not find an 'annotation declaring class' for annotation type [org.springframework.test.context.ActiveProfiles] and class [com.example.demo.domain.myListEntry.MyListEntryControllerTest]
13:49:41.800 [Test worker] DEBUG org.springframework.context.annotation.ClassPathScanningCandidateComponentProvider - Identified candidate component class: file [C:\Users\luksc\OneDrive\Dokumente\PipleineProject\Pipeline-Docker\Backend\build\classes\java\main\com\example\demo\DemoApplication.class]
13:49:41.801 [Test worker] INFO org.springframework.boot.test.context.SpringBootTestContextBootstrapper - Found @SpringBootConfiguration com.example.demo.DemoApplication for test class com.example.demo.domain.myListEntry.MyListEntryControllerTest
13:49:41.805 [Test worker] DEBUG org.springframework.boot.test.autoconfigure.web.servlet.WebMvcTestContextBootstrapper - @TestExecutionListeners is not present for class [com.example.demo.domain.myListEntry.MyListEntryControllerTest]: using defaults.
13:49:41.806 [Test worker] INFO org.springframework.boot.test.autoconfigure.web.servlet.WebMvcTestContextBootstrapper - Loaded default TestExecutionListener class names from location [META-INF/spring.factories]: [org.springframework.security.test.context.support.WithSecurityContextTestExecutionListener, org.springframework.security.test.context.support.ReactorContextTestExecutionListener, org.springframework.boot.test.autoconfigure.restdocs.RestDocsTestExecutionListener, org.springframework.boot.test.autoconfigure.web.client.MockRestServiceServerResetTestExecutionListener, org.springframework.boot.test.autoconfigure.web.servlet.MockMvcPrintOnlyOnFailureTestExecutionListener, org.springframework.boot.test.autoconfigure.web.servlet.WebDriverTestExecutionListener, org.springframework.boot.test.autoconfigure.webservices.client.MockWebServiceServerTestExecutionListener, org.springframework.boot.test.mock.mockito.MockitoTestExecutionListener, org.springframework.boot.test.mock.mockito.ResetMocksTestExecutionListener, org.springframework.test.context.web.ServletTestExecutionListener, org.springframework.test.context.support.DirtiesContextBeforeModesTestExecutionListener, org.springframework.test.context.event.ApplicationEventsTestExecutionListener, org.springframework.test.context.support.DependencyInjectionTestExecutionListener, org.springframework.test.context.support.DirtiesContextTestExecutionListener, org.springframework.test.context.transaction.TransactionalTestExecutionListener, org.springframework.test.context.jdbc.SqlScriptsTestExecutionListener, org.springframework.test.context.event.EventPublishingTestExecutionListener]
13:49:41.842 [Test worker] INFO org.springframework.boot.test.autoconfigure.web.servlet.WebMvcTestContextBootstrapper - Using TestExecutionListeners: [org.springframework.test.context.web.ServletTestExecutionListener@52b06bef, org.springframework.test.context.support.DirtiesContextBeforeModesTestExecutionListener@61bcbcce, org.springframework.test.context.event.ApplicationEventsTestExecutionListener@6af91cc8, org.springframework.boot.test.mock.mockito.MockitoTestExecutionListener@6232ffdb, org.springframework.boot.test.autoconfigure.SpringBootDependencyInjectionTestExecutionListener@330c1f61, org.springframework.test.context.support.DirtiesContextTestExecutionListener@37d28f02, org.springframework.test.context.transaction.TransactionalTestExecutionListener@15efda6c, org.springframework.test.context.jdbc.SqlScriptsTestExecutionListener@6056232d, org.springframework.security.test.context.support.WithSecurityContextTestExecutionListener@33f2df51, org.springframework.test.context.event.EventPublishingTestExecutionListener@107bfcb2, org.springframework.security.test.context.support.ReactorContextTestExecutionListener@7bac686b, org.springframework.boot.test.autoconfigure.restdocs.RestDocsTestExecutionListener@2ab26378, org.springframework.boot.test.autoconfigure.web.client.MockRestServiceServerResetTestExecutionListener@f9f3928, org.springframework.boot.test.autoconfigure.web.servlet.MockMvcPrintOnlyOnFailureTestExecutionListener@404eca05, org.springframework.boot.test.autoconfigure.web.servlet.WebDriverTestExecutionListener@58b91d57, org.springframework.boot.test.autoconfigure.webservices.client.MockWebServiceServerTestExecutionListener@61a91c9b, org.springframework.boot.test.mock.mockito.ResetMocksTestExecutionListener@17092fff]
13:49:41.847 [Test worker] DEBUG org.springframework.test.context.support.AbstractDirtiesContextTestExecutionListener - Before test class: context [DefaultTestContext@60c73e58 testClass = MyListEntryControllerTest, testInstance = [null], testMethod = [null], testException = [null], mergedContextConfiguration = [WebMergedContextConfiguration@5984feef testClass = MyListEntryControllerTest, locations = '{}', classes = '{class com.example.demo.DemoApplication}', contextInitializerClasses = '[]', activeProfiles = '{}', propertySourceLocations = '{}', propertySourceProperties = '{org.springframework.boot.test.autoconfigure.web.servlet.WebMvcTestContextBootstrapper=true}', contextCustomizers = set[org.springframework.boot.test.autoconfigure.OverrideAutoConfigurationContextCustomizerFactory$DisableAutoConfigurationContextCustomizer@2e53b094, org.springframework.boot.test.autoconfigure.actuate.metrics.MetricsExportContextCustomizerFactory$DisableMetricExportContextCustomizer@6137cf6e, org.springframework.boot.test.autoconfigure.filter.TypeExcludeFiltersContextCustomizer@14957143, org.springframework.boot.test.autoconfigure.properties.PropertyMappingContextCustomizer@48c27d25, org.springframework.boot.test.autoconfigure.web.servlet.WebDriverContextCustomizerFactory$Customizer@19962194, [ImportsContextCustomizer@6c0905f6 key = [org.springframework.boot.autoconfigure.cache.CacheAutoConfiguration, org.springframework.boot.autoconfigure.context.MessageSourceAutoConfiguration, org.springframework.boot.autoconfigure.data.web.SpringDataWebAutoConfiguration, org.springframework.boot.autoconfigure.freemarker.FreeMarkerAutoConfiguration, org.springframework.boot.autoconfigure.groovy.template.GroovyTemplateAutoConfiguration, org.springframework.boot.autoconfigure.gson.GsonAutoConfiguration, org.springframework.boot.autoconfigure.hateoas.HypermediaAutoConfiguration, org.springframework.boot.autoconfigure.http.HttpMessageConvertersAutoConfiguration, org.springframework.boot.autoconfigure.jackson.JacksonAutoConfiguration, org.springframework.boot.autoconfigure.jsonb.JsonbAutoConfiguration, org.springframework.boot.autoconfigure.mustache.MustacheAutoConfiguration, org.springframework.boot.autoconfigure.task.TaskExecutionAutoConfiguration, org.springframework.boot.autoconfigure.thymeleaf.ThymeleafAutoConfiguration, org.springframework.boot.autoconfigure.validation.ValidationAutoConfiguration, org.springframework.boot.autoconfigure.web.servlet.error.ErrorMvcAutoConfiguration, org.springframework.boot.autoconfigure.web.servlet.HttpEncodingAutoConfiguration, org.springframework.boot.autoconfigure.web.servlet.WebMvcAutoConfiguration, org.springframework.boot.test.autoconfigure.web.servlet.MockMvcAutoConfiguration, org.springframework.boot.test.autoconfigure.web.servlet.MockMvcWebClientAutoConfiguration, org.springframework.boot.test.autoconfigure.web.servlet.MockMvcWebDriverAutoConfiguration, org.springframework.boot.autoconfigure.security.oauth2.client.servlet.OAuth2ClientAutoConfiguration, org.springframework.boot.autoconfigure.security.oauth2.resource.servlet.OAuth2ResourceServerAutoConfiguration, org.springframework.boot.autoconfigure.security.servlet.SecurityAutoConfiguration, org.springframework.boot.autoconfigure.security.servlet.SecurityFilterAutoConfiguration, org.springframework.boot.autoconfigure.security.servlet.UserDetailsServiceAutoConfiguration, org.springframework.boot.test.autoconfigure.web.servlet.MockMvcSecurityConfiguration, org.springframework.boot.test.autoconfigure.web.reactive.WebTestClientAutoConfiguration]], org.springframework.boot.test.context.filter.ExcludeFilterContextCustomizer@2b34e38c, org.springframework.boot.test.json.DuplicateJsonObjectContextCustomizerFactory$DuplicateJsonObjectContextCustomizer@14b0e127, org.springframework.boot.test.mock.mockito.MockitoContextCustomizer@67520f64, org.springframework.boot.test.context.SpringBootTestArgs@1, org.springframework.boot.test.context.SpringBootTestWebEnvironment@0], resourceBasePath = 'src/main/webapp', contextLoader = 'org.springframework.boot.test.context.SpringBootContextLoader', parent = [null]], attributes = map[[empty]]], class annotated with @DirtiesContext [false] with mode [null].

  .   ____          _            __ _ _
 /\\ / ___'_ __ _ _(_)_ __  __ _ \ \ \ \
( ( )\___ | '_ | '_| | '_ \/ _` | \ \ \ \
 \\/  ___)| |_)| | | | | || (_| |  ) ) ) )
  '  |____| .__|_| |_|_| |_\__, | / / / /
 =========|_|==============|___/=/_/_/_/
 :: Spring Boot ::                (v2.7.3)

2023-11-02 13:49:42.451  INFO 26432 --- [    Test worker] c.e.d.d.m.MyListEntryControllerTest      : Starting MyListEntryControllerTest using Java 18.0.2 on DESKTOP-5A9LEAG with PID 26432 (started by luksc in C:\Users\luksc\OneDrive\Dokumente\PipleineProject\Pipeline-Docker\Backend)
2023-11-02 13:49:42.453  INFO 26432 --- [    Test worker] c.e.d.d.m.MyListEntryControllerTest      : No active profile set, falling back to 1 default profile: "default"
2023-11-02 13:49:45.758  INFO 26432 --- [    Test worker] o.s.s.web.DefaultSecurityFilterChain     : Will secure any request with [org.springframework.security.web.session.DisableEncodeUrlFilter@5271c49b, org.springframework.security.web.context.request.async.WebAsyncManagerIntegrationFilter@66b65360, org.springframework.security.web.context.SecurityContextPersistenceFilter@46b2e0e4, org.springframework.security.web.header.HeaderWriterFilter@54b1ba04, org.springframework.security.web.csrf.CsrfFilter@4497fcd9, org.springframework.security.web.authentication.logout.LogoutFilter@12f4b3a2, org.springframework.security.web.authentication.UsernamePasswordAuthenticationFilter@3c3f0f2e, org.springframework.security.web.authentication.ui.DefaultLoginPageGeneratingFilter@52f9a620, org.springframework.security.web.authentication.ui.DefaultLogoutPageGeneratingFilter@92537b5, org.springframework.security.web.authentication.www.BasicAuthenticationFilter@1945b6db, org.springframework.security.web.savedrequest.RequestCacheAwareFilter@5ce1b67b, org.springframework.security.web.servletapi.SecurityContextHolderAwareRequestFilter@d05d8c3, org.springframework.security.web.authentication.AnonymousAuthenticationFilter@43b89b4, org.springframework.security.web.session.SessionManagementFilter@2627da4c, org.springframework.security.web.access.ExceptionTranslationFilter@189e986f, org.springframework.security.web.access.intercept.FilterSecurityInterceptor@4655e059]
2023-11-02 13:49:45.878  INFO 26432 --- [    Test worker] o.s.b.t.m.w.SpringBootMockServletContext : Initializing Spring TestDispatcherServlet ''
2023-11-02 13:49:45.879  INFO 26432 --- [    Test worker] o.s.t.web.servlet.TestDispatcherServlet  : Initializing Servlet ''
2023-11-02 13:49:45.881  INFO 26432 --- [    Test worker] o.s.t.web.servlet.TestDispatcherServlet  : Completed initialization in 2 ms
2023-11-02 13:49:45.920  INFO 26432 --- [    Test worker] c.e.d.d.m.MyListEntryControllerTest      : Started MyListEntryControllerTest in 3.997 seconds (JVM running for 5.719)
]]></system-out>
  <system-err><![CDATA[]]></system-err>
</testsuite>
