<?xml version="1.0" encoding="UTF-8"?>
<testsuite name="com.example.demo.domain.user.UserControllerTest" tests="5" skipped="0" failures="0" errors="0" timestamp="2023-11-02T17:21:12" hostname="DESKTOP-5A9LEAG" time="0.152">
  <properties/>
  <testcase name="Test User update." classname="com.example.demo.domain.user.UserControllerTest" time="0.11"/>
  <testcase name="Test User register." classname="com.example.demo.domain.user.UserControllerTest" time="0.016"/>
  <testcase name="Test if User is himself." classname="com.example.demo.domain.user.UserControllerTest" time="0.007"/>
  <testcase name="Test User delete." classname="com.example.demo.domain.user.UserControllerTest" time="0.008"/>
  <testcase name="Test get All user enpoint." classname="com.example.demo.domain.user.UserControllerTest" time="0.006"/>
  <system-out><![CDATA[2023-11-02 18:21:11.783  INFO 23764 --- [    Test worker] .b.t.a.w.s.WebMvcTestContextBootstrapper : Neither @ContextConfiguration nor @ContextHierarchy found for test class [com.example.demo.domain.user.UserControllerTest], using SpringBootContextLoader
2023-11-02 18:21:11.784  INFO 23764 --- [    Test worker] o.s.t.c.support.AbstractContextLoader    : Could not detect default resource locations for test class [com.example.demo.domain.user.UserControllerTest]: no resource found for suffixes {-context.xml, Context.groovy}.
2023-11-02 18:21:11.785  INFO 23764 --- [    Test worker] t.c.s.AnnotationConfigContextLoaderUtils : Could not detect default configuration classes for test class [com.example.demo.domain.user.UserControllerTest]: UserControllerTest does not declare any static, non-private, non-final, nested classes annotated with @Configuration.
2023-11-02 18:21:11.816  INFO 23764 --- [    Test worker] .b.t.c.SpringBootTestContextBootstrapper : Found @SpringBootConfiguration com.example.demo.DemoApplication for test class com.example.demo.domain.user.UserControllerTest
2023-11-02 18:21:11.817  INFO 23764 --- [    Test worker] .b.t.a.w.s.WebMvcTestContextBootstrapper : Loaded default TestExecutionListener class names from location [META-INF/spring.factories]: [org.springframework.security.test.context.support.WithSecurityContextTestExecutionListener, org.springframework.security.test.context.support.ReactorContextTestExecutionListener, org.springframework.boot.test.autoconfigure.restdocs.RestDocsTestExecutionListener, org.springframework.boot.test.autoconfigure.web.client.MockRestServiceServerResetTestExecutionListener, org.springframework.boot.test.autoconfigure.web.servlet.MockMvcPrintOnlyOnFailureTestExecutionListener, org.springframework.boot.test.autoconfigure.web.servlet.WebDriverTestExecutionListener, org.springframework.boot.test.autoconfigure.webservices.client.MockWebServiceServerTestExecutionListener, org.springframework.boot.test.mock.mockito.MockitoTestExecutionListener, org.springframework.boot.test.mock.mockito.ResetMocksTestExecutionListener, org.springframework.test.context.web.ServletTestExecutionListener, org.springframework.test.context.support.DirtiesContextBeforeModesTestExecutionListener, org.springframework.test.context.event.ApplicationEventsTestExecutionListener, org.springframework.test.context.support.DependencyInjectionTestExecutionListener, org.springframework.test.context.support.DirtiesContextTestExecutionListener, org.springframework.test.context.transaction.TransactionalTestExecutionListener, org.springframework.test.context.jdbc.SqlScriptsTestExecutionListener, org.springframework.test.context.event.EventPublishingTestExecutionListener]
2023-11-02 18:21:11.820  INFO 23764 --- [    Test worker] .b.t.a.w.s.WebMvcTestContextBootstrapper : Using TestExecutionListeners: [org.springframework.test.context.web.ServletTestExecutionListener@3c35d2f, org.springframework.test.context.support.DirtiesContextBeforeModesTestExecutionListener@4cd40430, org.springframework.test.context.event.ApplicationEventsTestExecutionListener@d498f9b, org.springframework.boot.test.mock.mockito.MockitoTestExecutionListener@7568d96b, org.springframework.boot.test.autoconfigure.SpringBootDependencyInjectionTestExecutionListener@6c5bd8cc, org.springframework.test.context.support.DirtiesContextTestExecutionListener@c2a4f3, org.springframework.test.context.transaction.TransactionalTestExecutionListener@41b6c627, org.springframework.test.context.jdbc.SqlScriptsTestExecutionListener@7226ecfb, org.springframework.security.test.context.support.WithSecurityContextTestExecutionListener@4009c7cb, org.springframework.test.context.event.EventPublishingTestExecutionListener@55f90605, org.springframework.security.test.context.support.ReactorContextTestExecutionListener@22896563, org.springframework.boot.test.autoconfigure.restdocs.RestDocsTestExecutionListener@678d14fd, org.springframework.boot.test.autoconfigure.web.client.MockRestServiceServerResetTestExecutionListener@6934b058, org.springframework.boot.test.autoconfigure.web.servlet.MockMvcPrintOnlyOnFailureTestExecutionListener@74e04a55, org.springframework.boot.test.autoconfigure.web.servlet.WebDriverTestExecutionListener@1d2b8bd7, org.springframework.boot.test.autoconfigure.webservices.client.MockWebServiceServerTestExecutionListener@120e4e73, org.springframework.boot.test.mock.mockito.ResetMocksTestExecutionListener@5ef49a1a]

  .   ____          _            __ _ _
 /\\ / ___'_ __ _ _(_)_ __  __ _ \ \ \ \
( ( )\___ | '_ | '_| | '_ \/ _` | \ \ \ \
 \\/  ___)| |_)| | | | | || (_| |  ) ) ) )
  '  |____| .__|_| |_|_| |_\__, | / / / /
 =========|_|==============|___/=/_/_/_/
 :: Spring Boot ::                (v2.7.3)

2023-11-02 18:21:11.863  INFO 23764 --- [    Test worker] c.e.demo.domain.user.UserControllerTest  : Starting UserControllerTest using Java 18.0.2 on DESKTOP-5A9LEAG with PID 23764 (started by luksc in C:\Users\luksc\OneDrive\Dokumente\FixProject\M450-Testing\Backend)
2023-11-02 18:21:11.864  INFO 23764 --- [    Test worker] c.e.demo.domain.user.UserControllerTest  : No active profile set, falling back to 1 default profile: "default"
2023-11-02 18:21:12.922  INFO 23764 --- [    Test worker] o.s.s.web.DefaultSecurityFilterChain     : Will secure any request with [org.springframework.security.web.session.DisableEncodeUrlFilter@7fd19d2, org.springframework.security.web.context.request.async.WebAsyncManagerIntegrationFilter@49933bba, org.springframework.security.web.context.SecurityContextPersistenceFilter@7a1768bd, org.springframework.security.web.header.HeaderWriterFilter@3cef755e, org.springframework.security.web.csrf.CsrfFilter@42854070, org.springframework.security.web.authentication.logout.LogoutFilter@3bed5e3c, org.springframework.security.web.authentication.UsernamePasswordAuthenticationFilter@21ad8083, org.springframework.security.web.authentication.ui.DefaultLoginPageGeneratingFilter@713ea923, org.springframework.security.web.authentication.ui.DefaultLogoutPageGeneratingFilter@4f71393, org.springframework.security.web.authentication.www.BasicAuthenticationFilter@75c84f34, org.springframework.security.web.savedrequest.RequestCacheAwareFilter@6d7cd6e6, org.springframework.security.web.servletapi.SecurityContextHolderAwareRequestFilter@2a7e0b92, org.springframework.security.web.authentication.AnonymousAuthenticationFilter@33714dd6, org.springframework.security.web.session.SessionManagementFilter@12f93c52, org.springframework.security.web.access.ExceptionTranslationFilter@92fdc4, org.springframework.security.web.access.intercept.FilterSecurityInterceptor@6ff43a85]
2023-11-02 18:21:12.976  INFO 23764 --- [    Test worker] o.s.b.t.m.w.SpringBootMockServletContext : Initializing Spring TestDispatcherServlet ''
2023-11-02 18:21:12.976  INFO 23764 --- [    Test worker] o.s.t.web.servlet.TestDispatcherServlet  : Initializing Servlet ''
2023-11-02 18:21:12.976  INFO 23764 --- [    Test worker] o.s.t.web.servlet.TestDispatcherServlet  : Completed initialization in 0 ms
2023-11-02 18:21:12.989  INFO 23764 --- [    Test worker] c.e.demo.domain.user.UserControllerTest  : Started UserControllerTest in 1.165 seconds (JVM running for 17.709)
]]></system-out>
  <system-err><![CDATA[]]></system-err>
</testsuite>
