<?xml version="1.0" encoding="UTF-8"?>
<testsuite name="com.example.demo.domain.myListEntry.MyListEntryControllerTest" tests="6" skipped="0" failures="0" errors="0" timestamp="2023-11-02T17:21:11" hostname="DESKTOP-5A9LEAG" time="0.227">
  <properties/>
  <testcase name="Test get All user enpoint." classname="com.example.demo.domain.myListEntry.MyListEntryControllerTest" time="0.133"/>
  <testcase name="Test get All user enpoint." classname="com.example.demo.domain.myListEntry.MyListEntryControllerTest" time="0.053"/>
  <testcase name="Test get All user enpoint." classname="com.example.demo.domain.myListEntry.MyListEntryControllerTest" time="0.007"/>
  <testcase name="Test get All user enpoint." classname="com.example.demo.domain.myListEntry.MyListEntryControllerTest" time="0.007"/>
  <testcase name="Test User register." classname="com.example.demo.domain.myListEntry.MyListEntryControllerTest" time="0.012"/>
  <testcase name="Test get All user enpoint." classname="com.example.demo.domain.myListEntry.MyListEntryControllerTest" time="0.007"/>
  <system-out><![CDATA[2023-11-02 18:21:10.335  INFO 23764 --- [    Test worker] .b.t.a.w.s.WebMvcTestContextBootstrapper : Neither @ContextConfiguration nor @ContextHierarchy found for test class [com.example.demo.domain.myListEntry.MyListEntryControllerTest], using SpringBootContextLoader
2023-11-02 18:21:10.335  INFO 23764 --- [    Test worker] o.s.t.c.support.AbstractContextLoader    : Could not detect default resource locations for test class [com.example.demo.domain.myListEntry.MyListEntryControllerTest]: no resource found for suffixes {-context.xml, Context.groovy}.
2023-11-02 18:21:10.336  INFO 23764 --- [    Test worker] t.c.s.AnnotationConfigContextLoaderUtils : Could not detect default configuration classes for test class [com.example.demo.domain.myListEntry.MyListEntryControllerTest]: MyListEntryControllerTest does not declare any static, non-private, non-final, nested classes annotated with @Configuration.
2023-11-02 18:21:10.359  INFO 23764 --- [    Test worker] .b.t.c.SpringBootTestContextBootstrapper : Found @SpringBootConfiguration com.example.demo.DemoApplication for test class com.example.demo.domain.myListEntry.MyListEntryControllerTest
2023-11-02 18:21:10.359  INFO 23764 --- [    Test worker] .b.t.a.w.s.WebMvcTestContextBootstrapper : Loaded default TestExecutionListener class names from location [META-INF/spring.factories]: [org.springframework.security.test.context.support.WithSecurityContextTestExecutionListener, org.springframework.security.test.context.support.ReactorContextTestExecutionListener, org.springframework.boot.test.autoconfigure.restdocs.RestDocsTestExecutionListener, org.springframework.boot.test.autoconfigure.web.client.MockRestServiceServerResetTestExecutionListener, org.springframework.boot.test.autoconfigure.web.servlet.MockMvcPrintOnlyOnFailureTestExecutionListener, org.springframework.boot.test.autoconfigure.web.servlet.WebDriverTestExecutionListener, org.springframework.boot.test.autoconfigure.webservices.client.MockWebServiceServerTestExecutionListener, org.springframework.boot.test.mock.mockito.MockitoTestExecutionListener, org.springframework.boot.test.mock.mockito.ResetMocksTestExecutionListener, org.springframework.test.context.web.ServletTestExecutionListener, org.springframework.test.context.support.DirtiesContextBeforeModesTestExecutionListener, org.springframework.test.context.event.ApplicationEventsTestExecutionListener, org.springframework.test.context.support.DependencyInjectionTestExecutionListener, org.springframework.test.context.support.DirtiesContextTestExecutionListener, org.springframework.test.context.transaction.TransactionalTestExecutionListener, org.springframework.test.context.jdbc.SqlScriptsTestExecutionListener, org.springframework.test.context.event.EventPublishingTestExecutionListener]
2023-11-02 18:21:10.360  INFO 23764 --- [    Test worker] .b.t.a.w.s.WebMvcTestContextBootstrapper : Using TestExecutionListeners: [org.springframework.test.context.web.ServletTestExecutionListener@5ab2d78, org.springframework.test.context.support.DirtiesContextBeforeModesTestExecutionListener@108eff20, org.springframework.test.context.event.ApplicationEventsTestExecutionListener@2164cb5f, org.springframework.boot.test.mock.mockito.MockitoTestExecutionListener@44af0b9a, org.springframework.boot.test.autoconfigure.SpringBootDependencyInjectionTestExecutionListener@18333e9a, org.springframework.test.context.support.DirtiesContextTestExecutionListener@7fa3a543, org.springframework.test.context.transaction.TransactionalTestExecutionListener@789aa7db, org.springframework.test.context.jdbc.SqlScriptsTestExecutionListener@44d58089, org.springframework.security.test.context.support.WithSecurityContextTestExecutionListener@4513b167, org.springframework.test.context.event.EventPublishingTestExecutionListener@27f89d3b, org.springframework.security.test.context.support.ReactorContextTestExecutionListener@af15260, org.springframework.boot.test.autoconfigure.restdocs.RestDocsTestExecutionListener@62484a7f, org.springframework.boot.test.autoconfigure.web.client.MockRestServiceServerResetTestExecutionListener@3a8857d8, org.springframework.boot.test.autoconfigure.web.servlet.MockMvcPrintOnlyOnFailureTestExecutionListener@59fa04f7, org.springframework.boot.test.autoconfigure.web.servlet.WebDriverTestExecutionListener@59183ffa, org.springframework.boot.test.autoconfigure.webservices.client.MockWebServiceServerTestExecutionListener@79238d14, org.springframework.boot.test.mock.mockito.ResetMocksTestExecutionListener@16d337f]

  .   ____          _            __ _ _
 /\\ / ___'_ __ _ _(_)_ __  __ _ \ \ \ \
( ( )\___ | '_ | '_| | '_ \/ _` | \ \ \ \
 \\/  ___)| |_)| | | | | || (_| |  ) ) ) )
  '  |____| .__|_| |_|_| |_\__, | / / / /
 =========|_|==============|___/=/_/_/_/
 :: Spring Boot ::                (v2.7.3)

2023-11-02 18:21:10.398  INFO 23764 --- [    Test worker] c.e.d.d.m.MyListEntryControllerTest      : Starting MyListEntryControllerTest using Java 18.0.2 on DESKTOP-5A9LEAG with PID 23764 (started by luksc in C:\Users\luksc\OneDrive\Dokumente\FixProject\M450-Testing\Backend)
2023-11-02 18:21:10.398  INFO 23764 --- [    Test worker] c.e.d.d.m.MyListEntryControllerTest      : No active profile set, falling back to 1 default profile: "default"
2023-11-02 18:21:11.463  INFO 23764 --- [    Test worker] o.s.s.web.DefaultSecurityFilterChain     : Will secure any request with [org.springframework.security.web.session.DisableEncodeUrlFilter@3d3a12cf, org.springframework.security.web.context.request.async.WebAsyncManagerIntegrationFilter@30e2aa4, org.springframework.security.web.context.SecurityContextPersistenceFilter@283d6ae4, org.springframework.security.web.header.HeaderWriterFilter@4dab3e26, org.springframework.security.web.csrf.CsrfFilter@40f62aa2, org.springframework.security.web.authentication.logout.LogoutFilter@785bb7e9, org.springframework.security.web.authentication.UsernamePasswordAuthenticationFilter@6c25c0af, org.springframework.security.web.authentication.ui.DefaultLoginPageGeneratingFilter@3c359394, org.springframework.security.web.authentication.ui.DefaultLogoutPageGeneratingFilter@4447188d, org.springframework.security.web.authentication.www.BasicAuthenticationFilter@be98ce4, org.springframework.security.web.savedrequest.RequestCacheAwareFilter@59343f6a, org.springframework.security.web.servletapi.SecurityContextHolderAwareRequestFilter@4dfa7064, org.springframework.security.web.authentication.AnonymousAuthenticationFilter@57478445, org.springframework.security.web.session.SessionManagementFilter@215a0c9b, org.springframework.security.web.access.ExceptionTranslationFilter@3cf9a021, org.springframework.security.web.access.intercept.FilterSecurityInterceptor@7d48998]
2023-11-02 18:21:11.532  INFO 23764 --- [    Test worker] o.s.b.t.m.w.SpringBootMockServletContext : Initializing Spring TestDispatcherServlet ''
2023-11-02 18:21:11.532  INFO 23764 --- [    Test worker] o.s.t.web.servlet.TestDispatcherServlet  : Initializing Servlet ''
2023-11-02 18:21:11.533  INFO 23764 --- [    Test worker] o.s.t.web.servlet.TestDispatcherServlet  : Completed initialization in 0 ms
2023-11-02 18:21:11.547  INFO 23764 --- [    Test worker] c.e.d.d.m.MyListEntryControllerTest      : Started MyListEntryControllerTest in 1.18 seconds (JVM running for 16.266)
]]></system-out>
  <system-err><![CDATA[]]></system-err>
</testsuite>
